<?xml version="1.0" encoding="utf-8"?><testsuites name="pytest tests"><testsuite name="pytest" errors="0" failures="0" skipped="0" tests="16" time="3.738" timestamp="2026-02-23T12:57:49.876506+00:00" hostname="agent-env-379b9df3-2122-419b-b5f9-e4ddfe18a4da"><testcase classname="tests.test_ember_api.TestHealth" name="test_api_root" time="0.155" /><testcase classname="tests.test_ember_api.TestLogsEndpoints" name="test_get_today_log" time="0.139" /><testcase classname="tests.test_ember_api.TestLogsEndpoints" name="test_increment_count" time="0.355" /><testcase classname="tests.test_ember_api.TestLogsEndpoints" name="test_decrement_count" time="0.535" /><testcase classname="tests.test_ember_api.TestLogsEndpoints" name="test_decrement_at_zero" time="0.219" /><testcase classname="tests.test_ember_api.TestLogsEndpoints" name="test_reset_today" time="0.597" /><testcase classname="tests.test_ember_api.TestLogsEndpoints" name="test_history_endpoint" time="0.106" /><testcase classname="tests.test_ember_api.TestSettingsEndpoints" name="test_get_settings" time="0.104" /><testcase classname="tests.test_ember_api.TestSettingsEndpoints" name="test_update_daily_limit" time="0.245" /><testcase classname="tests.test_ember_api.TestSettingsEndpoints" name="test_update_cigarette_price" time="0.223" /><testcase classname="tests.test_ember_api.TestSettingsEndpoints" name="test_update_sound_enabled" time="0.204" /><testcase classname="tests.test_ember_api.TestDelayEndpoints" name="test_start_delay" time="0.110" /><testcase classname="tests.test_ember_api.TestDelayEndpoints" name="test_complete_delay" time="0.226" /><testcase classname="tests.test_ember_api.TestDelayEndpoints" name="test_delay_streak" time="0.114" /><testcase classname="tests.test_ember_api.TestAnalyticsEndpoints" name="test_analytics_summary" time="0.105" /><testcase classname="tests.test_ember_api.TestSeedData" name="test_seed_data" time="0.216" /></testsuite></testsuites>